<?xml version="1.0" encoding="UTF-8"?>
<testsuite xmlns:xsi="http://www.w3.org/2001/XMLSchema-instance" xsi:noNamespaceSchemaLocation="https://maven.apache.org/surefire/maven-surefire-plugin/xsd/surefire-test-report-3.0.xsd" version="3.0" name="com.lord.arbam.RestoTableIntegrationServicesTest" time="1.543" tests="29" errors="0" skipped="0" failures="0">
  <properties>
    <property name="java.specification.version" value="17"/>
    <property name="sun.cpu.isalist" value="amd64"/>
    <property name="sun.jnu.encoding" value="Cp1252"/>
    <property name="java.class.path" value="D:\workspaces\arbam-app-workspace\arbam\target\test-classes;D:\workspaces\arbam-app-workspace\arbam\target\classes;C:\Users\baron1\.m2\repository\org\springframework\boot\spring-boot-starter-data-jpa\3.1.5\spring-boot-starter-data-jpa-3.1.5.jar;C:\Users\baron1\.m2\repository\org\springframework\boot\spring-boot-starter-aop\3.1.5\spring-boot-starter-aop-3.1.5.jar;C:\Users\baron1\.m2\repository\org\aspectj\aspectjweaver\1.9.20\aspectjweaver-1.9.20.jar;C:\Users\baron1\.m2\repository\org\springframework\boot\spring-boot-starter-jdbc\3.1.5\spring-boot-starter-jdbc-3.1.5.jar;C:\Users\baron1\.m2\repository\com\zaxxer\HikariCP\5.0.1\HikariCP-5.0.1.jar;C:\Users\baron1\.m2\repository\org\springframework\spring-jdbc\6.0.13\spring-jdbc-6.0.13.jar;C:\Users\baron1\.m2\repository\org\hibernate\orm\hibernate-core\6.2.13.Final\hibernate-core-6.2.13.Final.jar;C:\Users\baron1\.m2\repository\jakarta\persistence\jakarta.persistence-api\3.1.0\jakarta.persistence-api-3.1.0.jar;C:\Users\baron1\.m2\repository\jakarta\transaction\jakarta.transaction-api\2.0.1\jakarta.transaction-api-2.0.1.jar;C:\Users\baron1\.m2\repository\org\jboss\logging\jboss-logging\3.5.3.Final\jboss-logging-3.5.3.Final.jar;C:\Users\baron1\.m2\repository\org\hibernate\common\hibernate-commons-annotations\6.0.6.Final\hibernate-commons-annotations-6.0.6.Final.jar;C:\Users\baron1\.m2\repository\io\smallrye\jandex\3.0.5\jandex-3.0.5.jar;C:\Users\baron1\.m2\repository\com\fasterxml\classmate\1.5.1\classmate-1.5.1.jar;C:\Users\baron1\.m2\repository\net\bytebuddy\byte-buddy\1.14.9\byte-buddy-1.14.9.jar;C:\Users\baron1\.m2\repository\org\glassfish\jaxb\jaxb-runtime\4.0.3\jaxb-runtime-4.0.3.jar;C:\Users\baron1\.m2\repository\org\glassfish\jaxb\jaxb-core\4.0.3\jaxb-core-4.0.3.jar;C:\Users\baron1\.m2\repository\org\eclipse\angus\angus-activation\2.0.1\angus-activation-2.0.1.jar;C:\Users\baron1\.m2\repository\org\glassfish\jaxb\txw2\4.0.3\txw2-4.0.3.jar;C:\Users\baron1\.m2\repository\com\sun\istack\istack-commons-runtime\4.1.2\istack-commons-runtime-4.1.2.jar;C:\Users\baron1\.m2\repository\jakarta\inject\jakarta.inject-api\2.0.1\jakarta.inject-api-2.0.1.jar;C:\Users\baron1\.m2\repository\org\antlr\antlr4-runtime\4.10.1\antlr4-runtime-4.10.1.jar;C:\Users\baron1\.m2\repository\org\springframework\data\spring-data-jpa\3.1.5\spring-data-jpa-3.1.5.jar;C:\Users\baron1\.m2\repository\org\springframework\data\spring-data-commons\3.1.5\spring-data-commons-3.1.5.jar;C:\Users\baron1\.m2\repository\org\springframework\spring-orm\6.0.13\spring-orm-6.0.13.jar;C:\Users\baron1\.m2\repository\org\springframework\spring-context\6.0.13\spring-context-6.0.13.jar;C:\Users\baron1\.m2\repository\org\springframework\spring-tx\6.0.13\spring-tx-6.0.13.jar;C:\Users\baron1\.m2\repository\org\springframework\spring-beans\6.0.13\spring-beans-6.0.13.jar;C:\Users\baron1\.m2\repository\jakarta\annotation\jakarta.annotation-api\2.1.1\jakarta.annotation-api-2.1.1.jar;C:\Users\baron1\.m2\repository\org\slf4j\slf4j-api\2.0.9\slf4j-api-2.0.9.jar;C:\Users\baron1\.m2\repository\org\springframework\spring-aspects\6.0.13\spring-aspects-6.0.13.jar;C:\Users\baron1\.m2\repository\org\springframework\boot\spring-boot-starter-web\3.1.5\spring-boot-starter-web-3.1.5.jar;C:\Users\baron1\.m2\repository\org\springframework\boot\spring-boot-starter\3.1.5\spring-boot-starter-3.1.5.jar;C:\Users\baron1\.m2\repository\org\springframework\boot\spring-boot-starter-logging\3.1.5\spring-boot-starter-logging-3.1.5.jar;C:\Users\baron1\.m2\repository\ch\qos\logback\logback-classic\1.4.11\logback-classic-1.4.11.jar;C:\Users\baron1\.m2\repository\ch\qos\logback\logback-core\1.4.11\logback-core-1.4.11.jar;C:\Users\baron1\.m2\repository\org\apache\logging\log4j\log4j-to-slf4j\2.20.0\log4j-to-slf4j-2.20.0.jar;C:\Users\baron1\.m2\repository\org\slf4j\jul-to-slf4j\2.0.9\jul-to-slf4j-2.0.9.jar;C:\Users\baron1\.m2\repository\org\yaml\snakeyaml\1.33\snakeyaml-1.33.jar;C:\Users\baron1\.m2\repository\org\springframework\boot\spring-boot-starter-json\3.1.5\spring-boot-starter-json-3.1.5.jar;C:\Users\baron1\.m2\repository\com\fasterxml\jackson\core\jackson-databind\2.15.3\jackson-databind-2.15.3.jar;C:\Users\baron1\.m2\repository\com\fasterxml\jackson\core\jackson-annotations\2.15.3\jackson-annotations-2.15.3.jar;C:\Users\baron1\.m2\repository\com\fasterxml\jackson\core\jackson-core\2.15.3\jackson-core-2.15.3.jar;C:\Users\baron1\.m2\repository\com\fasterxml\jackson\datatype\jackson-datatype-jdk8\2.15.3\jackson-datatype-jdk8-2.15.3.jar;C:\Users\baron1\.m2\repository\com\fasterxml\jackson\datatype\jackson-datatype-jsr310\2.15.3\jackson-datatype-jsr310-2.15.3.jar;C:\Users\baron1\.m2\repository\com\fasterxml\jackson\module\jackson-module-parameter-names\2.15.3\jackson-module-parameter-names-2.15.3.jar;C:\Users\baron1\.m2\repository\org\springframework\boot\spring-boot-starter-tomcat\3.1.5\spring-boot-starter-tomcat-3.1.5.jar;C:\Users\baron1\.m2\repository\org\apache\tomcat\embed\tomcat-embed-core\10.1.15\tomcat-embed-core-10.1.15.jar;C:\Users\baron1\.m2\repository\org\apache\tomcat\embed\tomcat-embed-el\10.1.15\tomcat-embed-el-10.1.15.jar;C:\Users\baron1\.m2\repository\org\apache\tomcat\embed\tomcat-embed-websocket\10.1.15\tomcat-embed-websocket-10.1.15.jar;C:\Users\baron1\.m2\repository\org\springframework\spring-web\6.0.13\spring-web-6.0.13.jar;C:\Users\baron1\.m2\repository\io\micrometer\micrometer-observation\1.11.5\micrometer-observation-1.11.5.jar;C:\Users\baron1\.m2\repository\io\micrometer\micrometer-commons\1.11.5\micrometer-commons-1.11.5.jar;C:\Users\baron1\.m2\repository\org\springframework\spring-webmvc\6.0.13\spring-webmvc-6.0.13.jar;C:\Users\baron1\.m2\repository\org\springframework\spring-expression\6.0.13\spring-expression-6.0.13.jar;C:\Users\baron1\.m2\repository\org\springframework\boot\spring-boot-starter-security\3.1.5\spring-boot-starter-security-3.1.5.jar;C:\Users\baron1\.m2\repository\org\springframework\spring-aop\6.0.13\spring-aop-6.0.13.jar;C:\Users\baron1\.m2\repository\org\springframework\security\spring-security-config\6.1.5\spring-security-config-6.1.5.jar;C:\Users\baron1\.m2\repository\org\springframework\security\spring-security-web\6.1.5\spring-security-web-6.1.5.jar;C:\Users\baron1\.m2\repository\org\springframework\boot\spring-boot-starter-oauth2-resource-server\3.1.5\spring-boot-starter-oauth2-resource-server-3.1.5.jar;C:\Users\baron1\.m2\repository\org\springframework\security\spring-security-core\6.1.5\spring-security-core-6.1.5.jar;C:\Users\baron1\.m2\repository\org\springframework\security\spring-security-crypto\6.1.5\spring-security-crypto-6.1.5.jar;C:\Users\baron1\.m2\repository\org\springframework\security\spring-security-oauth2-resource-server\6.1.5\spring-security-oauth2-resource-server-6.1.5.jar;C:\Users\baron1\.m2\repository\org\springframework\security\spring-security-oauth2-core\6.1.5\spring-security-oauth2-core-6.1.5.jar;C:\Users\baron1\.m2\repository\org\springframework\security\spring-security-oauth2-jose\6.1.5\spring-security-oauth2-jose-6.1.5.jar;C:\Users\baron1\.m2\repository\com\nimbusds\nimbus-jose-jwt\9.24.4\nimbus-jose-jwt-9.24.4.jar;C:\Users\baron1\.m2\repository\com\github\stephenc\jcip\jcip-annotations\1.0-1\jcip-annotations-1.0-1.jar;C:\Users\baron1\.m2\repository\org\springframework\boot\spring-boot-devtools\3.1.5\spring-boot-devtools-3.1.5.jar;C:\Users\baron1\.m2\repository\org\springframework\boot\spring-boot\3.1.5\spring-boot-3.1.5.jar;C:\Users\baron1\.m2\repository\org\springframework\boot\spring-boot-autoconfigure\3.1.5\spring-boot-autoconfigure-3.1.5.jar;C:\Users\baron1\.m2\repository\org\postgresql\postgresql\42.6.0\postgresql-42.6.0.jar;C:\Users\baron1\.m2\repository\org\checkerframework\checker-qual\3.31.0\checker-qual-3.31.0.jar;C:\Users\baron1\.m2\repository\org\projectlombok\lombok\1.18.30\lombok-1.18.30.jar;C:\Users\baron1\.m2\repository\org\mapstruct\mapstruct\1.5.5.Final\mapstruct-1.5.5.Final.jar;C:\Users\baron1\.m2\repository\org\mapstruct\mapstruct-processor\1.5.5.Final\mapstruct-processor-1.5.5.Final.jar;C:\Users\baron1\.m2\repository\org\apache\poi\poi\5.2.5\poi-5.2.5.jar;C:\Users\baron1\.m2\repository\commons-codec\commons-codec\1.15\commons-codec-1.15.jar;C:\Users\baron1\.m2\repository\org\apache\commons\commons-collections4\4.4\commons-collections4-4.4.jar;C:\Users\baron1\.m2\repository\org\apache\commons\commons-math3\3.6.1\commons-math3-3.6.1.jar;C:\Users\baron1\.m2\repository\commons-io\commons-io\2.15.0\commons-io-2.15.0.jar;C:\Users\baron1\.m2\repository\com\zaxxer\SparseBitSet\1.3\SparseBitSet-1.3.jar;C:\Users\baron1\.m2\repository\org\apache\logging\log4j\log4j-api\2.20.0\log4j-api-2.20.0.jar;C:\Users\baron1\.m2\repository\org\apache\poi\poi-ooxml\5.2.5\poi-ooxml-5.2.5.jar;C:\Users\baron1\.m2\repository\org\apache\poi\poi-ooxml-lite\5.2.5\poi-ooxml-lite-5.2.5.jar;C:\Users\baron1\.m2\repository\org\apache\xmlbeans\xmlbeans\5.2.0\xmlbeans-5.2.0.jar;C:\Users\baron1\.m2\repository\org\apache\commons\commons-compress\1.25.0\commons-compress-1.25.0.jar;C:\Users\baron1\.m2\repository\com\github\virtuald\curvesapi\1.08\curvesapi-1.08.jar;C:\Users\baron1\.m2\repository\org\springframework\boot\spring-boot-starter-test\3.1.5\spring-boot-starter-test-3.1.5.jar;C:\Users\baron1\.m2\repository\org\springframework\boot\spring-boot-test\3.1.5\spring-boot-test-3.1.5.jar;C:\Users\baron1\.m2\repository\org\springframework\boot\spring-boot-test-autoconfigure\3.1.5\spring-boot-test-autoconfigure-3.1.5.jar;C:\Users\baron1\.m2\repository\com\jayway\jsonpath\json-path\2.8.0\json-path-2.8.0.jar;C:\Users\baron1\.m2\repository\jakarta\xml\bind\jakarta.xml.bind-api\4.0.1\jakarta.xml.bind-api-4.0.1.jar;C:\Users\baron1\.m2\repository\jakarta\activation\jakarta.activation-api\2.1.2\jakarta.activation-api-2.1.2.jar;C:\Users\baron1\.m2\repository\net\minidev\json-smart\2.4.11\json-smart-2.4.11.jar;C:\Users\baron1\.m2\repository\net\minidev\accessors-smart\2.4.11\accessors-smart-2.4.11.jar;C:\Users\baron1\.m2\repository\org\ow2\asm\asm\9.3\asm-9.3.jar;C:\Users\baron1\.m2\repository\org\assertj\assertj-core\3.24.2\assertj-core-3.24.2.jar;C:\Users\baron1\.m2\repository\org\hamcrest\hamcrest\2.2\hamcrest-2.2.jar;C:\Users\baron1\.m2\repository\org\junit\jupiter\junit-jupiter\5.9.3\junit-jupiter-5.9.3.jar;C:\Users\baron1\.m2\repository\org\junit\jupiter\junit-jupiter-api\5.9.3\junit-jupiter-api-5.9.3.jar;C:\Users\baron1\.m2\repository\org\opentest4j\opentest4j\1.2.0\opentest4j-1.2.0.jar;C:\Users\baron1\.m2\repository\org\junit\platform\junit-platform-commons\1.9.3\junit-platform-commons-1.9.3.jar;C:\Users\baron1\.m2\repository\org\apiguardian\apiguardian-api\1.1.2\apiguardian-api-1.1.2.jar;C:\Users\baron1\.m2\repository\org\junit\jupiter\junit-jupiter-params\5.9.3\junit-jupiter-params-5.9.3.jar;C:\Users\baron1\.m2\repository\org\junit\jupiter\junit-jupiter-engine\5.9.3\junit-jupiter-engine-5.9.3.jar;C:\Users\baron1\.m2\repository\org\junit\platform\junit-platform-engine\1.9.3\junit-platform-engine-1.9.3.jar;C:\Users\baron1\.m2\repository\org\mockito\mockito-core\5.3.1\mockito-core-5.3.1.jar;C:\Users\baron1\.m2\repository\net\bytebuddy\byte-buddy-agent\1.14.9\byte-buddy-agent-1.14.9.jar;C:\Users\baron1\.m2\repository\org\objenesis\objenesis\3.3\objenesis-3.3.jar;C:\Users\baron1\.m2\repository\org\mockito\mockito-junit-jupiter\5.3.1\mockito-junit-jupiter-5.3.1.jar;C:\Users\baron1\.m2\repository\org\skyscreamer\jsonassert\1.5.1\jsonassert-1.5.1.jar;C:\Users\baron1\.m2\repository\com\vaadin\external\google\android-json\0.0.20131108.vaadin1\android-json-0.0.20131108.vaadin1.jar;C:\Users\baron1\.m2\repository\org\springframework\spring-core\6.0.13\spring-core-6.0.13.jar;C:\Users\baron1\.m2\repository\org\springframework\spring-jcl\6.0.13\spring-jcl-6.0.13.jar;C:\Users\baron1\.m2\repository\org\springframework\spring-test\6.0.13\spring-test-6.0.13.jar;C:\Users\baron1\.m2\repository\org\xmlunit\xmlunit-core\2.9.1\xmlunit-core-2.9.1.jar;"/>
    <property name="java.vm.vendor" value="Oracle Corporation"/>
    <property name="sun.arch.data.model" value="64"/>
    <property name="user.variant" value=""/>
    <property name="java.vendor.url" value="https://java.oracle.com/"/>
    <property name="user.timezone" value="America/La_Paz"/>
    <property name="org.jboss.logging.provider" value="slf4j"/>
    <property name="user.country.format" value="419"/>
    <property name="os.name" value="Windows 10"/>
    <property name="java.vm.specification.version" value="17"/>
    <property name="sun.java.launcher" value="SUN_STANDARD"/>
    <property name="user.country" value="US"/>
    <property name="sun.boot.library.path" value="C:\Program Files\Java\jdk-17\bin"/>
    <property name="sun.java.command" value="C:\Users\baron1\AppData\Local\Temp\surefire10801716175132005111\surefirebooter-20231202103624619_3.jar C:\Users\baron1\AppData\Local\Temp\surefire10801716175132005111 2023-12-02T10-36-24_505-jvmRun1 surefire-20231202103624619_1tmp surefire_0-20231202103624619_2tmp"/>
    <property name="jdk.debug" value="release"/>
    <property name="surefire.test.class.path" value="D:\workspaces\arbam-app-workspace\arbam\target\test-classes;D:\workspaces\arbam-app-workspace\arbam\target\classes;C:\Users\baron1\.m2\repository\org\springframework\boot\spring-boot-starter-data-jpa\3.1.5\spring-boot-starter-data-jpa-3.1.5.jar;C:\Users\baron1\.m2\repository\org\springframework\boot\spring-boot-starter-aop\3.1.5\spring-boot-starter-aop-3.1.5.jar;C:\Users\baron1\.m2\repository\org\aspectj\aspectjweaver\1.9.20\aspectjweaver-1.9.20.jar;C:\Users\baron1\.m2\repository\org\springframework\boot\spring-boot-starter-jdbc\3.1.5\spring-boot-starter-jdbc-3.1.5.jar;C:\Users\baron1\.m2\repository\com\zaxxer\HikariCP\5.0.1\HikariCP-5.0.1.jar;C:\Users\baron1\.m2\repository\org\springframework\spring-jdbc\6.0.13\spring-jdbc-6.0.13.jar;C:\Users\baron1\.m2\repository\org\hibernate\orm\hibernate-core\6.2.13.Final\hibernate-core-6.2.13.Final.jar;C:\Users\baron1\.m2\repository\jakarta\persistence\jakarta.persistence-api\3.1.0\jakarta.persistence-api-3.1.0.jar;C:\Users\baron1\.m2\repository\jakarta\transaction\jakarta.transaction-api\2.0.1\jakarta.transaction-api-2.0.1.jar;C:\Users\baron1\.m2\repository\org\jboss\logging\jboss-logging\3.5.3.Final\jboss-logging-3.5.3.Final.jar;C:\Users\baron1\.m2\repository\org\hibernate\common\hibernate-commons-annotations\6.0.6.Final\hibernate-commons-annotations-6.0.6.Final.jar;C:\Users\baron1\.m2\repository\io\smallrye\jandex\3.0.5\jandex-3.0.5.jar;C:\Users\baron1\.m2\repository\com\fasterxml\classmate\1.5.1\classmate-1.5.1.jar;C:\Users\baron1\.m2\repository\net\bytebuddy\byte-buddy\1.14.9\byte-buddy-1.14.9.jar;C:\Users\baron1\.m2\repository\org\glassfish\jaxb\jaxb-runtime\4.0.3\jaxb-runtime-4.0.3.jar;C:\Users\baron1\.m2\repository\org\glassfish\jaxb\jaxb-core\4.0.3\jaxb-core-4.0.3.jar;C:\Users\baron1\.m2\repository\org\eclipse\angus\angus-activation\2.0.1\angus-activation-2.0.1.jar;C:\Users\baron1\.m2\repository\org\glassfish\jaxb\txw2\4.0.3\txw2-4.0.3.jar;C:\Users\baron1\.m2\repository\com\sun\istack\istack-commons-runtime\4.1.2\istack-commons-runtime-4.1.2.jar;C:\Users\baron1\.m2\repository\jakarta\inject\jakarta.inject-api\2.0.1\jakarta.inject-api-2.0.1.jar;C:\Users\baron1\.m2\repository\org\antlr\antlr4-runtime\4.10.1\antlr4-runtime-4.10.1.jar;C:\Users\baron1\.m2\repository\org\springframework\data\spring-data-jpa\3.1.5\spring-data-jpa-3.1.5.jar;C:\Users\baron1\.m2\repository\org\springframework\data\spring-data-commons\3.1.5\spring-data-commons-3.1.5.jar;C:\Users\baron1\.m2\repository\org\springframework\spring-orm\6.0.13\spring-orm-6.0.13.jar;C:\Users\baron1\.m2\repository\org\springframework\spring-context\6.0.13\spring-context-6.0.13.jar;C:\Users\baron1\.m2\repository\org\springframework\spring-tx\6.0.13\spring-tx-6.0.13.jar;C:\Users\baron1\.m2\repository\org\springframework\spring-beans\6.0.13\spring-beans-6.0.13.jar;C:\Users\baron1\.m2\repository\jakarta\annotation\jakarta.annotation-api\2.1.1\jakarta.annotation-api-2.1.1.jar;C:\Users\baron1\.m2\repository\org\slf4j\slf4j-api\2.0.9\slf4j-api-2.0.9.jar;C:\Users\baron1\.m2\repository\org\springframework\spring-aspects\6.0.13\spring-aspects-6.0.13.jar;C:\Users\baron1\.m2\repository\org\springframework\boot\spring-boot-starter-web\3.1.5\spring-boot-starter-web-3.1.5.jar;C:\Users\baron1\.m2\repository\org\springframework\boot\spring-boot-starter\3.1.5\spring-boot-starter-3.1.5.jar;C:\Users\baron1\.m2\repository\org\springframework\boot\spring-boot-starter-logging\3.1.5\spring-boot-starter-logging-3.1.5.jar;C:\Users\baron1\.m2\repository\ch\qos\logback\logback-classic\1.4.11\logback-classic-1.4.11.jar;C:\Users\baron1\.m2\repository\ch\qos\logback\logback-core\1.4.11\logback-core-1.4.11.jar;C:\Users\baron1\.m2\repository\org\apache\logging\log4j\log4j-to-slf4j\2.20.0\log4j-to-slf4j-2.20.0.jar;C:\Users\baron1\.m2\repository\org\slf4j\jul-to-slf4j\2.0.9\jul-to-slf4j-2.0.9.jar;C:\Users\baron1\.m2\repository\org\yaml\snakeyaml\1.33\snakeyaml-1.33.jar;C:\Users\baron1\.m2\repository\org\springframework\boot\spring-boot-starter-json\3.1.5\spring-boot-starter-json-3.1.5.jar;C:\Users\baron1\.m2\repository\com\fasterxml\jackson\core\jackson-databind\2.15.3\jackson-databind-2.15.3.jar;C:\Users\baron1\.m2\repository\com\fasterxml\jackson\core\jackson-annotations\2.15.3\jackson-annotations-2.15.3.jar;C:\Users\baron1\.m2\repository\com\fasterxml\jackson\core\jackson-core\2.15.3\jackson-core-2.15.3.jar;C:\Users\baron1\.m2\repository\com\fasterxml\jackson\datatype\jackson-datatype-jdk8\2.15.3\jackson-datatype-jdk8-2.15.3.jar;C:\Users\baron1\.m2\repository\com\fasterxml\jackson\datatype\jackson-datatype-jsr310\2.15.3\jackson-datatype-jsr310-2.15.3.jar;C:\Users\baron1\.m2\repository\com\fasterxml\jackson\module\jackson-module-parameter-names\2.15.3\jackson-module-parameter-names-2.15.3.jar;C:\Users\baron1\.m2\repository\org\springframework\boot\spring-boot-starter-tomcat\3.1.5\spring-boot-starter-tomcat-3.1.5.jar;C:\Users\baron1\.m2\repository\org\apache\tomcat\embed\tomcat-embed-core\10.1.15\tomcat-embed-core-10.1.15.jar;C:\Users\baron1\.m2\repository\org\apache\tomcat\embed\tomcat-embed-el\10.1.15\tomcat-embed-el-10.1.15.jar;C:\Users\baron1\.m2\repository\org\apache\tomcat\embed\tomcat-embed-websocket\10.1.15\tomcat-embed-websocket-10.1.15.jar;C:\Users\baron1\.m2\repository\org\springframework\spring-web\6.0.13\spring-web-6.0.13.jar;C:\Users\baron1\.m2\repository\io\micrometer\micrometer-observation\1.11.5\micrometer-observation-1.11.5.jar;C:\Users\baron1\.m2\repository\io\micrometer\micrometer-commons\1.11.5\micrometer-commons-1.11.5.jar;C:\Users\baron1\.m2\repository\org\springframework\spring-webmvc\6.0.13\spring-webmvc-6.0.13.jar;C:\Users\baron1\.m2\repository\org\springframework\spring-expression\6.0.13\spring-expression-6.0.13.jar;C:\Users\baron1\.m2\repository\org\springframework\boot\spring-boot-starter-security\3.1.5\spring-boot-starter-security-3.1.5.jar;C:\Users\baron1\.m2\repository\org\springframework\spring-aop\6.0.13\spring-aop-6.0.13.jar;C:\Users\baron1\.m2\repository\org\springframework\security\spring-security-config\6.1.5\spring-security-config-6.1.5.jar;C:\Users\baron1\.m2\repository\org\springframework\security\spring-security-web\6.1.5\spring-security-web-6.1.5.jar;C:\Users\baron1\.m2\repository\org\springframework\boot\spring-boot-starter-oauth2-resource-server\3.1.5\spring-boot-starter-oauth2-resource-server-3.1.5.jar;C:\Users\baron1\.m2\repository\org\springframework\security\spring-security-core\6.1.5\spring-security-core-6.1.5.jar;C:\Users\baron1\.m2\repository\org\springframework\security\spring-security-crypto\6.1.5\spring-security-crypto-6.1.5.jar;C:\Users\baron1\.m2\repository\org\springframework\security\spring-security-oauth2-resource-server\6.1.5\spring-security-oauth2-resource-server-6.1.5.jar;C:\Users\baron1\.m2\repository\org\springframework\security\spring-security-oauth2-core\6.1.5\spring-security-oauth2-core-6.1.5.jar;C:\Users\baron1\.m2\repository\org\springframework\security\spring-security-oauth2-jose\6.1.5\spring-security-oauth2-jose-6.1.5.jar;C:\Users\baron1\.m2\repository\com\nimbusds\nimbus-jose-jwt\9.24.4\nimbus-jose-jwt-9.24.4.jar;C:\Users\baron1\.m2\repository\com\github\stephenc\jcip\jcip-annotations\1.0-1\jcip-annotations-1.0-1.jar;C:\Users\baron1\.m2\repository\org\springframework\boot\spring-boot-devtools\3.1.5\spring-boot-devtools-3.1.5.jar;C:\Users\baron1\.m2\repository\org\springframework\boot\spring-boot\3.1.5\spring-boot-3.1.5.jar;C:\Users\baron1\.m2\repository\org\springframework\boot\spring-boot-autoconfigure\3.1.5\spring-boot-autoconfigure-3.1.5.jar;C:\Users\baron1\.m2\repository\org\postgresql\postgresql\42.6.0\postgresql-42.6.0.jar;C:\Users\baron1\.m2\repository\org\checkerframework\checker-qual\3.31.0\checker-qual-3.31.0.jar;C:\Users\baron1\.m2\repository\org\projectlombok\lombok\1.18.30\lombok-1.18.30.jar;C:\Users\baron1\.m2\repository\org\mapstruct\mapstruct\1.5.5.Final\mapstruct-1.5.5.Final.jar;C:\Users\baron1\.m2\repository\org\mapstruct\mapstruct-processor\1.5.5.Final\mapstruct-processor-1.5.5.Final.jar;C:\Users\baron1\.m2\repository\org\apache\poi\poi\5.2.5\poi-5.2.5.jar;C:\Users\baron1\.m2\repository\commons-codec\commons-codec\1.15\commons-codec-1.15.jar;C:\Users\baron1\.m2\repository\org\apache\commons\commons-collections4\4.4\commons-collections4-4.4.jar;C:\Users\baron1\.m2\repository\org\apache\commons\commons-math3\3.6.1\commons-math3-3.6.1.jar;C:\Users\baron1\.m2\repository\commons-io\commons-io\2.15.0\commons-io-2.15.0.jar;C:\Users\baron1\.m2\repository\com\zaxxer\SparseBitSet\1.3\SparseBitSet-1.3.jar;C:\Users\baron1\.m2\repository\org\apache\logging\log4j\log4j-api\2.20.0\log4j-api-2.20.0.jar;C:\Users\baron1\.m2\repository\org\apache\poi\poi-ooxml\5.2.5\poi-ooxml-5.2.5.jar;C:\Users\baron1\.m2\repository\org\apache\poi\poi-ooxml-lite\5.2.5\poi-ooxml-lite-5.2.5.jar;C:\Users\baron1\.m2\repository\org\apache\xmlbeans\xmlbeans\5.2.0\xmlbeans-5.2.0.jar;C:\Users\baron1\.m2\repository\org\apache\commons\commons-compress\1.25.0\commons-compress-1.25.0.jar;C:\Users\baron1\.m2\repository\com\github\virtuald\curvesapi\1.08\curvesapi-1.08.jar;C:\Users\baron1\.m2\repository\org\springframework\boot\spring-boot-starter-test\3.1.5\spring-boot-starter-test-3.1.5.jar;C:\Users\baron1\.m2\repository\org\springframework\boot\spring-boot-test\3.1.5\spring-boot-test-3.1.5.jar;C:\Users\baron1\.m2\repository\org\springframework\boot\spring-boot-test-autoconfigure\3.1.5\spring-boot-test-autoconfigure-3.1.5.jar;C:\Users\baron1\.m2\repository\com\jayway\jsonpath\json-path\2.8.0\json-path-2.8.0.jar;C:\Users\baron1\.m2\repository\jakarta\xml\bind\jakarta.xml.bind-api\4.0.1\jakarta.xml.bind-api-4.0.1.jar;C:\Users\baron1\.m2\repository\jakarta\activation\jakarta.activation-api\2.1.2\jakarta.activation-api-2.1.2.jar;C:\Users\baron1\.m2\repository\net\minidev\json-smart\2.4.11\json-smart-2.4.11.jar;C:\Users\baron1\.m2\repository\net\minidev\accessors-smart\2.4.11\accessors-smart-2.4.11.jar;C:\Users\baron1\.m2\repository\org\ow2\asm\asm\9.3\asm-9.3.jar;C:\Users\baron1\.m2\repository\org\assertj\assertj-core\3.24.2\assertj-core-3.24.2.jar;C:\Users\baron1\.m2\repository\org\hamcrest\hamcrest\2.2\hamcrest-2.2.jar;C:\Users\baron1\.m2\repository\org\junit\jupiter\junit-jupiter\5.9.3\junit-jupiter-5.9.3.jar;C:\Users\baron1\.m2\repository\org\junit\jupiter\junit-jupiter-api\5.9.3\junit-jupiter-api-5.9.3.jar;C:\Users\baron1\.m2\repository\org\opentest4j\opentest4j\1.2.0\opentest4j-1.2.0.jar;C:\Users\baron1\.m2\repository\org\junit\platform\junit-platform-commons\1.9.3\junit-platform-commons-1.9.3.jar;C:\Users\baron1\.m2\repository\org\apiguardian\apiguardian-api\1.1.2\apiguardian-api-1.1.2.jar;C:\Users\baron1\.m2\repository\org\junit\jupiter\junit-jupiter-params\5.9.3\junit-jupiter-params-5.9.3.jar;C:\Users\baron1\.m2\repository\org\junit\jupiter\junit-jupiter-engine\5.9.3\junit-jupiter-engine-5.9.3.jar;C:\Users\baron1\.m2\repository\org\junit\platform\junit-platform-engine\1.9.3\junit-platform-engine-1.9.3.jar;C:\Users\baron1\.m2\repository\org\mockito\mockito-core\5.3.1\mockito-core-5.3.1.jar;C:\Users\baron1\.m2\repository\net\bytebuddy\byte-buddy-agent\1.14.9\byte-buddy-agent-1.14.9.jar;C:\Users\baron1\.m2\repository\org\objenesis\objenesis\3.3\objenesis-3.3.jar;C:\Users\baron1\.m2\repository\org\mockito\mockito-junit-jupiter\5.3.1\mockito-junit-jupiter-5.3.1.jar;C:\Users\baron1\.m2\repository\org\skyscreamer\jsonassert\1.5.1\jsonassert-1.5.1.jar;C:\Users\baron1\.m2\repository\com\vaadin\external\google\android-json\0.0.20131108.vaadin1\android-json-0.0.20131108.vaadin1.jar;C:\Users\baron1\.m2\repository\org\springframework\spring-core\6.0.13\spring-core-6.0.13.jar;C:\Users\baron1\.m2\repository\org\springframework\spring-jcl\6.0.13\spring-jcl-6.0.13.jar;C:\Users\baron1\.m2\repository\org\springframework\spring-test\6.0.13\spring-test-6.0.13.jar;C:\Users\baron1\.m2\repository\org\xmlunit\xmlunit-core\2.9.1\xmlunit-core-2.9.1.jar;"/>
    <property name="sun.cpu.endian" value="little"/>
    <property name="user.home" value="C:\Users\baron1"/>
    <property name="user.language" value="en"/>
    <property name="java.specification.vendor" value="Oracle Corporation"/>
    <property name="java.version.date" value="2023-04-18"/>
    <property name="java.home" value="C:\Program Files\Java\jdk-17"/>
    <property name="file.separator" value="\"/>
    <property name="basedir" value="D:\workspaces\arbam-app-workspace\arbam"/>
    <property name="java.vm.compressedOopsMode" value="Zero based"/>
    <property name="line.separator" value="&#10;"/>
    <property name="java.vm.specification.vendor" value="Oracle Corporation"/>
    <property name="java.specification.name" value="Java Platform API Specification"/>
    <property name="FILE_LOG_CHARSET" value="windows-1252"/>
    <property name="java.awt.headless" value="true"/>
    <property name="surefire.real.class.path" value="C:\Users\baron1\AppData\Local\Temp\surefire10801716175132005111\surefirebooter-20231202103624619_3.jar"/>
    <property name="user.script" value=""/>
    <property name="sun.management.compiler" value="HotSpot 64-Bit Tiered Compilers"/>
    <property name="java.runtime.version" value="17.0.7+8-LTS-224"/>
    <property name="user.name" value="baron1"/>
    <property name="path.separator" value=";"/>
    <property name="os.version" value="10.0"/>
    <property name="java.runtime.name" value="Java(TM) SE Runtime Environment"/>
    <property name="file.encoding" value="Cp1252"/>
    <property name="java.vm.name" value="Java HotSpot(TM) 64-Bit Server VM"/>
    <property name="localRepository" value="C:\Users\baron1\.m2\repository"/>
    <property name="java.vendor.url.bug" value="https://bugreport.java.com/bugreport/"/>
    <property name="java.io.tmpdir" value="C:\Users\baron1\AppData\Local\Temp\"/>
    <property name="com.zaxxer.hikari.pool_number" value="3"/>
    <property name="java.version" value="17.0.7"/>
    <property name="user.dir" value="D:\workspaces\arbam-app-workspace\arbam"/>
    <property name="os.arch" value="amd64"/>
    <property name="java.vm.specification.name" value="Java Virtual Machine Specification"/>
    <property name="PID" value="8484"/>
    <property name="user.language.format" value="es"/>
    <property name="sun.os.patch.level" value=""/>
    <property name="CONSOLE_LOG_CHARSET" value="windows-1252"/>
    <property name="native.encoding" value="Cp1252"/>
    <property name="java.library.path" value="C:\Program Files\Java\jdk-17\bin;C:\WINDOWS\Sun\Java\bin;C:\WINDOWS\system32;C:\WINDOWS;C:\Users\baron1\bin;C:\Program Files\Git\mingw64\bin;C:\Program Files\Git\usr\local\bin;C:\Program Files\Git\usr\bin;C:\Program Files\Git\usr\bin;C:\Program Files\Git\mingw64\bin;C:\Program Files\Git\usr\bin;C:\Users\baron1\bin;C:\Program Files\Java\jdk-17\bin\server;C:\Program Files\Java\jdk-17\bin;E:\app\baron1\product\21c\dbhomeXE\bin;C:\Program Files\Java\jdk-17\bin;C:\Program Files\Java\jdk-21\bin;C:\Program Files\Java\jdk-19\bin;C:\maven\apache-maven-3.9.3\apache-maven\src\bin\bin;C:\Program Files (x86)\Common Files\Oracle\Java\javapath;C:\Program Files\Common Files\Oracle\Java\javapath;C:\WINDOWS\system32;C:\WINDOWS;C:\WINDOWS\System32\Wbem;C:\WINDOWS\System32\WindowsPowerShell\v1.0;C:\WINDOWS\System32\OpenSSH;C:\Program Files\Git\cmd;C:\Program Files\nodejs;C:\maven\apache-maven-3.9.3\bin;C:\Program Files\Docker\Docker\resources\bin;C:\databases\PostgreSQL\15\bin;C:\openssl\openssl-3.1.3\apps;C:\Users\baron1\AppData\Local\Microsoft\WindowsApps;C:\Users\baron1\AppData\Local\Programs\Microsoft VS Code\bin;C:\Users\baron1\AppData\Local\GitHubDesktop\bin;C:\Users\baron1\AppData\Roaming\npm;C:\maven\apache-maven-3.9.3\apache-maven\src\bin\bin;C:\maven\apache-maven-3.9.3;C:\Users\baron1\Desktop;C:\Program Files\Git\usr\bin\vendor_perl;C:\Program Files\Git\usr\bin\core_perl;."/>
    <property name="java.vm.info" value="mixed mode, sharing"/>
    <property name="java.vendor" value="Oracle Corporation"/>
    <property name="java.vm.version" value="17.0.7+8-LTS-224"/>
    <property name="sun.io.unicode.encoding" value="UnicodeLittle"/>
    <property name="java.class.version" value="61.0"/>
  </properties>
  <testcase name="setup" classname="com.lord.arbam.RestoTableIntegrationServicesTest" time="0.112">
    <system-out><![CDATA[2023-12-02T10:36:32.518-04:00  INFO 8484 --- [           main] o.s.b.d.r.RestartApplicationListener     : Restart disabled due to context in which it is running

  .   ____          _            __ _ _
 /\\ / ___'_ __ _ _(_)_ __  __ _ \ \ \ \
( ( )\___ | '_ | '_| | '_ \/ _` | \ \ \ \
 \\/  ___)| |_)| | | | | || (_| |  ) ) ) )
  '  |____| .__|_| |_|_| |_\__, | / / / /
 =========|_|==============|___/=/_/_/_/
 :: Spring Boot ::                (v3.1.5)

2023-12-02T10:36:32.534-04:00  INFO 8484 --- [           main] c.l.a.RestoTableIntegrationServicesTest  : Starting RestoTableIntegrationServicesTest using Java 17.0.7 with PID 8484 (started by baron1 in D:\workspaces\arbam-app-workspace\arbam)
2023-12-02T10:36:32.534-04:00  INFO 8484 --- [           main] c.l.a.RestoTableIntegrationServicesTest  : No active profile set, falling back to 1 default profile: "default"
2023-12-02T10:36:32.686-04:00  INFO 8484 --- [           main] .s.d.r.c.RepositoryConfigurationDelegate : Bootstrapping Spring Data JPA repositories in DEFAULT mode.
2023-12-02T10:36:32.732-04:00  INFO 8484 --- [           main] .s.d.r.c.RepositoryConfigurationDelegate : Finished Spring Data repository scanning in 46 ms. Found 16 JPA repository interfaces.
2023-12-02T10:36:32.788-04:00  INFO 8484 --- [           main] o.hibernate.jpa.internal.util.LogHelper  : HHH000204: Processing PersistenceUnitInfo [name: default]
2023-12-02T10:36:32.793-04:00  INFO 8484 --- [           main] o.s.o.j.p.SpringPersistenceUnitInfo      : No LoadTimeWeaver setup: ignoring JPA class transformer
2023-12-02T10:36:32.794-04:00  INFO 8484 --- [           main] com.zaxxer.hikari.HikariDataSource       : HikariPool-3 - Starting...
2023-12-02T10:36:32.826-04:00  INFO 8484 --- [           main] com.zaxxer.hikari.pool.HikariPool        : HikariPool-3 - Added connection org.postgresql.jdbc.PgConnection@1531fbc8
2023-12-02T10:36:32.826-04:00  INFO 8484 --- [           main] com.zaxxer.hikari.HikariDataSource       : HikariPool-3 - Start completed.
2023-12-02T10:36:32.949-04:00  INFO 8484 --- [           main] o.h.e.t.j.p.i.JtaPlatformInitiator       : HHH000489: No JTA platform available (set 'hibernate.transaction.jta.platform' to enable JTA platform integration)
2023-12-02T10:36:33.104-04:00  INFO 8484 --- [           main] j.LocalContainerEntityManagerFactoryBean : Initialized JPA EntityManagerFactory for persistence unit 'default'
2023-12-02T10:36:33.333-04:00  WARN 8484 --- [           main] JpaBaseConfiguration$JpaWebConfiguration : spring.jpa.open-in-view is enabled by default. Therefore, database queries may be performed during view rendering. Explicitly configure spring.jpa.open-in-view to disable this warning
2023-12-02T10:36:33.343-04:00  INFO 8484 --- [           main] o.s.s.web.DefaultSecurityFilterChain     : Will secure any request with [org.springframework.security.web.session.DisableEncodeUrlFilter@74d74701, org.springframework.security.web.context.request.async.WebAsyncManagerIntegrationFilter@39562fc2, org.springframework.security.web.context.SecurityContextHolderFilter@d866565, org.springframework.security.web.header.HeaderWriterFilter@5fc444d0, org.springframework.security.web.authentication.logout.LogoutFilter@51102651, org.springframework.security.oauth2.server.resource.web.authentication.BearerTokenAuthenticationFilter@24a5df6a, org.springframework.security.web.savedrequest.RequestCacheAwareFilter@302e3484, org.springframework.security.web.servletapi.SecurityContextHolderAwareRequestFilter@4db11495, org.springframework.security.web.authentication.AnonymousAuthenticationFilter@349e6ca8, org.springframework.security.web.session.SessionManagementFilter@1f27b6fc, org.springframework.security.web.access.ExceptionTranslationFilter@76b96594, org.springframework.security.web.access.intercept.AuthorizationFilter@550b19d1]
2023-12-02T10:36:33.420-04:00  INFO 8484 --- [           main] c.l.a.RestoTableIntegrationServicesTest  : Started RestoTableIntegrationServicesTest in 0.902 seconds (process running for 8.71)
2023-12-02T10:36:33.431-04:00  INFO 8484 --- [           main] c.l.a.s.ProductCategoryServiceImpl       : Creando nueva categoria
2023-12-02T10:36:33.433-04:00  INFO 8484 --- [           main] c.l.a.s.ProductCategoryServiceImpl       : Creando nueva categoria
2023-12-02T10:36:33.434-04:00  INFO 8484 --- [           main] c.l.a.s.ProductCategoryServiceImpl       : Creando nueva categoria
2023-12-02T10:36:33.435-04:00  INFO 8484 --- [           main] c.l.a.service_impl.ProductServiceImpl    : Creating new porduct
2023-12-02T10:36:33.441-04:00  INFO 8484 --- [           main] c.l.a.service_impl.ProductServiceImpl    : Creating new porduct
2023-12-02T10:36:33.445-04:00  INFO 8484 --- [           main] c.l.a.service_impl.ProductServiceImpl    : Creating new porduct
2023-12-02T10:36:33.448-04:00  INFO 8484 --- [           main] c.l.a.service_impl.ProductServiceImpl    : Creating new porduct
2023-12-02T10:36:33.452-04:00  INFO 8484 --- [           main] c.l.a.service_impl.ProductServiceImpl    : Creating new porduct
2023-12-02T10:36:33.456-04:00  INFO 8484 --- [           main] c.l.a.service_impl.ProductServiceImpl    : Creating new porduct
2023-12-02T10:36:33.462-04:00  INFO 8484 --- [           main] c.l.a.s.IngredientServiceImpl            : guardando ingrediente
2023-12-02T10:36:33.465-04:00  INFO 8484 --- [           main] c.l.a.s.IngredientServiceImpl            : guardando ingrediente
2023-12-02T10:36:33.468-04:00  INFO 8484 --- [           main] c.l.a.s.IngredientMixServiceImpl         : Agregando Ingrediente a la receta
2023-12-02T10:36:33.489-04:00  INFO 8484 --- [           main] c.l.a.s.IngredientMixServiceImpl         : Agregando Ingrediente a la receta
2023-12-02T10:36:33.494-04:00  INFO 8484 --- [           main] c.l.a.service_impl.ProductServiceImpl    : Recepcion de stock en tabla producto
2023-12-02T10:36:33.494-04:00  INFO 8484 --- [           main] c.l.a.service_impl.ProductServiceImpl    : Guardando stock en tabla producto
2023-12-02T10:36:33.501-04:00  INFO 8484 --- [           main] c.l.a.service_impl.ProductServiceImpl    : Recepcion de stock en tabla producto
2023-12-02T10:36:33.501-04:00  INFO 8484 --- [           main] c.l.a.service_impl.ProductServiceImpl    : Guardando stock en tabla producto
2023-12-02T10:36:33.505-04:00  INFO 8484 --- [           main] c.l.a.service_impl.ProductServiceImpl    : Recepcion de stock en tabla producto
2023-12-02T10:36:33.505-04:00  INFO 8484 --- [           main] c.l.a.service_impl.ProductServiceImpl    : Guardando stock en tabla producto
]]></system-out>
  </testcase>
  <testcase name="WorkingDayStart" classname="com.lord.arbam.RestoTableIntegrationServicesTest" time="0.006">
    <system-out><![CDATA[2023-12-02T10:36:33.536-04:00  INFO 8484 --- [           main] c.l.a.s.WorkingDayServiceImpl            : Iniciando dia de trabajo
]]></system-out>
  </testcase>
  <testcase name="openRestoTable" classname="com.lord.arbam.RestoTableIntegrationServicesTest" time="0.029">
    <system-out><![CDATA[2023-12-02T10:36:33.565-04:00  INFO 8484 --- [           main] c.l.a.s.RestoTableServiceImpl            : Abriendo mesa
]]></system-out>
  </testcase>
  <testcase name="whenCreateNewOrderInRestoTable_MustReturnOrder" classname="com.lord.arbam.RestoTableIntegrationServicesTest" time="0.011">
    <system-out><![CDATA[2023-12-02T10:36:33.577-04:00  INFO 8484 --- [           main] c.l.a.s.RestoTableOrderServiceImpl       : Nueva orden creada
]]></system-out>
  </testcase>
  <testcase name="createNewOrderRestoTable1" classname="com.lord.arbam.RestoTableIntegrationServicesTest" time="0.007">
    <system-out><![CDATA[2023-12-02T10:36:33.586-04:00  INFO 8484 --- [           main] c.l.a.s.RestoTableOrderServiceImpl       : Nueva orden creada
]]></system-out>
  </testcase>
  <testcase name="checkRestoTableOrdersRestoTable1" classname="com.lord.arbam.RestoTableIntegrationServicesTest" time="0.007"/>
  <testcase name="whenUpdateRestoTableTotalPrice_MustReturnUpdatedTotalPrice" classname="com.lord.arbam.RestoTableIntegrationServicesTest" time="0.01">
    <system-out><![CDATA[2023-12-02T10:36:33.602-04:00  INFO 8484 --- [           main] c.l.a.s.RestoTableServiceImpl            : Buscando los totales de todas las ordenes
2023-12-02T10:36:33.603-04:00  INFO 8484 --- [           main] c.l.a.s.RestoTableServiceImpl            : sumando los totales de todas las ordenes
2023-12-02T10:36:33.603-04:00  INFO 8484 --- [           main] c.l.a.s.RestoTableServiceImpl            : Actualizando total de la mesa
]]></system-out>
  </testcase>
  <testcase name="whenOpenRestoTable8_mustReturnRestoTable" classname="com.lord.arbam.RestoTableIntegrationServicesTest" time="0.009">
    <system-out><![CDATA[2023-12-02T10:36:33.611-04:00  INFO 8484 --- [           main] c.l.a.s.RestoTableServiceImpl            : Abriendo mesa
]]></system-out>
  </testcase>
  <testcase name="createNewOrderRestoTable8" classname="com.lord.arbam.RestoTableIntegrationServicesTest" time="0.007">
    <system-out><![CDATA[2023-12-02T10:36:33.619-04:00  INFO 8484 --- [           main] c.l.a.s.RestoTableOrderServiceImpl       : Nueva orden creada
]]></system-out>
  </testcase>
  <testcase name="whenTryToCreateExistingRestoTable8Order_MustResturnUpdatedRestoTableOrder" classname="com.lord.arbam.RestoTableIntegrationServicesTest" time="0.017">
    <system-out><![CDATA[2023-12-02T10:36:33.626-04:00  INFO 8484 --- [           main] c.l.a.s.RestoTableOrderServiceImpl       : orden existente,actualizando...
2023-12-02T10:36:33.631-04:00  INFO 8484 --- [           main] c.l.a.s.RestoTableOrderServiceImpl       : orden actualizada.
]]></system-out>
  </testcase>
  <testcase name="whenUpdateRestoTablePriceRestoTable8_MustReturnRestotableUpdatedTotalPrice" classname="com.lord.arbam.RestoTableIntegrationServicesTest" time="0.007">
    <system-out><![CDATA[2023-12-02T10:36:33.643-04:00  INFO 8484 --- [           main] c.l.a.s.RestoTableServiceImpl            : Buscando los totales de todas las ordenes
2023-12-02T10:36:33.643-04:00  INFO 8484 --- [           main] c.l.a.s.RestoTableServiceImpl            : sumando los totales de todas las ordenes
2023-12-02T10:36:33.643-04:00  INFO 8484 --- [           main] c.l.a.s.RestoTableServiceImpl            : Actualizando total de la mesa
]]></system-out>
  </testcase>
  <testcase name="whenTryToCreateExistingRestoTable1Order_MustResturnUpdatedRestoTableOrder" classname="com.lord.arbam.RestoTableIntegrationServicesTest" time="0.014">
    <system-out><![CDATA[2023-12-02T10:36:33.650-04:00  INFO 8484 --- [           main] c.l.a.s.RestoTableOrderServiceImpl       : orden existente,actualizando...
2023-12-02T10:36:33.652-04:00  INFO 8484 --- [           main] c.l.a.s.RestoTableOrderServiceImpl       : orden actualizada.
]]></system-out>
  </testcase>
  <testcase name="checkForRestoTableTotalPriceRestoTable1" classname="com.lord.arbam.RestoTableIntegrationServicesTest" time="0.008">
    <system-out><![CDATA[2023-12-02T10:36:33.665-04:00  INFO 8484 --- [           main] c.l.a.s.RestoTableServiceImpl            : Buscando los totales de todas las ordenes
2023-12-02T10:36:33.666-04:00  INFO 8484 --- [           main] c.l.a.s.RestoTableServiceImpl            : sumando los totales de todas las ordenes
2023-12-02T10:36:33.666-04:00  INFO 8484 --- [           main] c.l.a.s.RestoTableServiceImpl            : Actualizando total de la mesa
]]></system-out>
  </testcase>
  <testcase name="updateAgainOrderWithProductId2RestoTable1" classname="com.lord.arbam.RestoTableIntegrationServicesTest" time="0.014">
    <system-out><![CDATA[2023-12-02T10:36:33.673-04:00  INFO 8484 --- [           main] c.l.a.s.RestoTableOrderServiceImpl       : orden existente,actualizando...
2023-12-02T10:36:33.675-04:00  INFO 8484 --- [           main] c.l.a.s.RestoTableOrderServiceImpl       : orden actualizada.
]]></system-out>
  </testcase>
  <testcase name="checkAgainForRestoTableTotalPriceRestoTable1" classname="com.lord.arbam.RestoTableIntegrationServicesTest" time="0.008">
    <system-out><![CDATA[2023-12-02T10:36:33.688-04:00  INFO 8484 --- [           main] c.l.a.s.RestoTableServiceImpl            : Buscando los totales de todas las ordenes
2023-12-02T10:36:33.688-04:00  INFO 8484 --- [           main] c.l.a.s.RestoTableServiceImpl            : sumando los totales de todas las ordenes
2023-12-02T10:36:33.688-04:00  INFO 8484 --- [           main] c.l.a.s.RestoTableServiceImpl            : Actualizando total de la mesa
]]></system-out>
  </testcase>
  <testcase name="whenDeleteOrderbyIdRestoTable1_RestoTableTotalPriceMustBeUpdated" classname="com.lord.arbam.RestoTableIntegrationServicesTest" time="0.193">
    <system-out><![CDATA[2023-12-02T10:36:33.871-04:00  INFO 8484 --- [           main] c.l.a.s.RestoTableOrderServiceImpl       : Orden eliminada. id:1, Stock agregado: 2
2023-12-02T10:36:33.881-04:00  INFO 8484 --- [           main] c.l.a.s.RestoTableServiceImpl            : Buscando los totales de todas las ordenes
2023-12-02T10:36:33.881-04:00  INFO 8484 --- [           main] c.l.a.s.RestoTableServiceImpl            : sumando los totales de todas las ordenes
2023-12-02T10:36:33.881-04:00  INFO 8484 --- [           main] c.l.a.s.RestoTableServiceImpl            : Actualizando total de la mesa
]]></system-out>
  </testcase>
  <testcase name="updateAgainOrderWithProductId3RestoTable1" classname="com.lord.arbam.RestoTableIntegrationServicesTest" time="0.012">
    <system-out><![CDATA[2023-12-02T10:36:33.889-04:00  INFO 8484 --- [           main] c.l.a.s.RestoTableOrderServiceImpl       : Nueva orden creada
2023-12-02T10:36:33.893-04:00  INFO 8484 --- [           main] c.l.a.s.RestoTableServiceImpl            : Buscando los totales de todas las ordenes
2023-12-02T10:36:33.893-04:00  INFO 8484 --- [           main] c.l.a.s.RestoTableServiceImpl            : sumando los totales de todas las ordenes
2023-12-02T10:36:33.893-04:00  INFO 8484 --- [           main] c.l.a.s.RestoTableServiceImpl            : Actualizando total de la mesa
]]></system-out>
  </testcase>
  <testcase name="closeRestoTable1Test" classname="com.lord.arbam.RestoTableIntegrationServicesTest" time="0.013">
    <system-out><![CDATA[2023-12-02T10:36:33.898-04:00  INFO 8484 --- [           main] c.l.a.s.RestoTableServiceImpl            : Iniciando el cierre de mesa
2023-12-02T10:36:33.903-04:00  INFO 8484 --- [           main] c.l.a.s.RestoTableServiceImpl            : Generando copia de la mesa
2023-12-02T10:36:33.904-04:00  INFO 8484 --- [           main] c.l.a.s.RestoTableServiceImpl            : Reiniciando la mesa
]]></system-out>
  </testcase>
  <testcase name="openRestoTable20" classname="com.lord.arbam.RestoTableIntegrationServicesTest" time="0.009">
    <system-out><![CDATA[2023-12-02T10:36:33.915-04:00  INFO 8484 --- [           main] c.l.a.s.RestoTableServiceImpl            : Abriendo mesa
]]></system-out>
  </testcase>
  <testcase name="whenCreateNewOrderInRestoTable20_MustReturnOrder" classname="com.lord.arbam.RestoTableIntegrationServicesTest" time="0.006">
    <system-out><![CDATA[2023-12-02T10:36:33.923-04:00  INFO 8484 --- [           main] c.l.a.s.RestoTableOrderServiceImpl       : Nueva orden creada
]]></system-out>
  </testcase>
  <testcase name="createNewOrderRestoTable20" classname="com.lord.arbam.RestoTableIntegrationServicesTest" time="0.006">
    <system-out><![CDATA[2023-12-02T10:36:33.929-04:00  INFO 8484 --- [           main] c.l.a.s.RestoTableOrderServiceImpl       : Nueva orden creada
]]></system-out>
  </testcase>
  <testcase name="checkRestoTableOrdersRestoTable20" classname="com.lord.arbam.RestoTableIntegrationServicesTest" time="0.006"/>
  <testcase name="whenUpdateRestoTable20TotalPrice_MustReturnUpdatedTotalPrice" classname="com.lord.arbam.RestoTableIntegrationServicesTest" time="0.007">
    <system-out><![CDATA[2023-12-02T10:36:33.942-04:00  INFO 8484 --- [           main] c.l.a.s.RestoTableServiceImpl            : Buscando los totales de todas las ordenes
2023-12-02T10:36:33.942-04:00  INFO 8484 --- [           main] c.l.a.s.RestoTableServiceImpl            : sumando los totales de todas las ordenes
2023-12-02T10:36:33.942-04:00  INFO 8484 --- [           main] c.l.a.s.RestoTableServiceImpl            : Actualizando total de la mesa
]]></system-out>
  </testcase>
  <testcase name="closeRestoTable20Test" classname="com.lord.arbam.RestoTableIntegrationServicesTest" time="0.009">
    <system-out><![CDATA[2023-12-02T10:36:33.947-04:00  INFO 8484 --- [           main] c.l.a.s.RestoTableServiceImpl            : Iniciando el cierre de mesa
2023-12-02T10:36:33.949-04:00  INFO 8484 --- [           main] c.l.a.s.RestoTableServiceImpl            : Generando copia de la mesa
2023-12-02T10:36:33.949-04:00  INFO 8484 --- [           main] c.l.a.s.RestoTableServiceImpl            : Reiniciando la mesa
]]></system-out>
  </testcase>
  <testcase name="checkWorkingDayStatus" classname="com.lord.arbam.RestoTableIntegrationServicesTest" time="0.004"/>
  <testcase name="updateWorkingDay" classname="com.lord.arbam.RestoTableIntegrationServicesTest" time="0.016">
    <system-out><![CDATA[2023-12-02T10:36:33.961-04:00  INFO 8484 --- [           main] c.l.a.s.WorkingDayServiceImpl            : Actualizando working day.
]]></system-out>
  </testcase>
  <testcase name="closeRestoTable8Test" classname="com.lord.arbam.RestoTableIntegrationServicesTest" time="0.009">
    <system-out><![CDATA[2023-12-02T10:36:33.976-04:00  INFO 8484 --- [           main] c.l.a.s.RestoTableServiceImpl            : Iniciando el cierre de mesa
2023-12-02T10:36:33.978-04:00  INFO 8484 --- [           main] c.l.a.s.RestoTableServiceImpl            : Generando copia de la mesa
2023-12-02T10:36:33.978-04:00  INFO 8484 --- [           main] c.l.a.s.RestoTableServiceImpl            : Reiniciando la mesa
]]></system-out>
  </testcase>
  <testcase name="updateAgainWorkingDay" classname="com.lord.arbam.RestoTableIntegrationServicesTest" time="0.009">
    <system-out><![CDATA[2023-12-02T10:36:33.986-04:00  INFO 8484 --- [           main] c.l.a.s.WorkingDayServiceImpl            : Actualizando working day.
]]></system-out>
  </testcase>
  <testcase name="closeWorkingDay" classname="com.lord.arbam.RestoTableIntegrationServicesTest" time="0.062">
    <system-out><![CDATA[2023-12-02T10:36:33.993-04:00  INFO 8484 --- [           main] c.l.a.s.WorkingDayServiceImpl            : Sumando los totales de las mesas.
2023-12-02T10:36:33.997-04:00  INFO 8484 --- [           main] c.l.a.s.WorkingDayServiceImpl            : Filtrando totales por metodo de pago
2023-12-02T10:36:34.007-04:00  INFO 8484 --- [           main] c.l.a.s.WorkingDayServiceImpl            : Guardando total pago a empleados y todos los totales
]]></system-out>
  </testcase>
</testsuite>